African C42331
Any other Asian background C67109
Any other Black background C67109
Any other mixed background C67109
Any other white background C67109
Asian or Asian British  C41260
Bangladeshi C41260
Black or Black British C16352
British C41261
Caribbean C77810
Chinese C41260
Do not know NA
Indian C67109
Irish C43856
Mixed C67109
Other ethnic group C67109
Pakistani C41260
Prefer not to answer NA
White C41261
White and Asian C67109
White and Black African C67109
White and Black Caribbean C67109
